Build started 3/10/2016 5:21:51 PM.
     1>Project "C:\OpenHaptics\Developer\3.4.0\examples\HL\graphics\HelloSphere\HelloSphere_VS2010.vcxproj" on node 2 (Build target(s)).
     1>ClCompile:
         C:\Program Files (x86)\Microsoft Visual Studio 14.0\VC\bin\CL.exe /c /Iinclude /IC:\OpenHaptics\Developer\3.4.0\include /IC:\OpenHaptics\Developer\3.4.0\utilities\include /ZI /nologo /W3 /WX- /Od /Oy- /D WIN32 /D _DEBUG /D _CONSOLE /D _VC80_UPGRADE=0x0710 /D _MBCS /Gm- /EHsc /RTC1 /MDd /GS /fp:precise /Zc:wchar_t /Zc:forScope /Zc:inline /Fo".\Debug/" /Fd".\Debug/vc140.pdb" /Gd /TP /analyze- /errorReport:prompt HelloSphere.cpp
         HelloSphere.cpp
     1>c:\openhaptics\developer\3.4.0\examples\hl\graphics\hellosphere\hellosphere.cpp(511): warning C4996: 'sprintf': This function or variable may be unsafe. Consider using sprintf_s instead. To disable deprecation, use _CRT_SECURE_NO_WARNINGS. See online help for details.
         c:\program files (x86)\windows kits\10\include\10.0.10150.0\ucrt\stdio.h(1769): note: see declaration of 'sprintf'
     1>c:\openhaptics\developer\3.4.0\examples\hl\graphics\hellosphere\hellosphere.cpp(1153): warning C4996: 'fopen': This function or variable may be unsafe. Consider using fopen_s instead. To disable deprecation, use _CRT_SECURE_NO_WARNINGS. See online help for details.
         c:\program files (x86)\windows kits\10\include\10.0.10150.0\ucrt\stdio.h(205): note: see declaration of 'fopen'
     1>c:\openhaptics\developer\3.4.0\examples\hl\graphics\hellosphere\hellosphere.cpp(1154): warning C4477: 'fprintf' : format string '%s' requires an argument of type 'char *', but variadic argument 1 has type 'double'
     1>c:\openhaptics\developer\3.4.0\examples\hl\graphics\hellosphere\hellosphere.cpp(2113): warning C4996: 'sprintf': This function or variable may be unsafe. Consider using sprintf_s instead. To disable deprecation, use _CRT_SECURE_NO_WARNINGS. See online help for details.
         c:\program files (x86)\windows kits\10\include\10.0.10150.0\ucrt\stdio.h(1769): note: see declaration of 'sprintf'
     1>c:\openhaptics\developer\3.4.0\examples\hl\graphics\hellosphere\hellosphere.cpp(2114): warning C4996: 'sprintf': This function or variable may be unsafe. Consider using sprintf_s instead. To disable deprecation, use _CRT_SECURE_NO_WARNINGS. See online help for details.
         c:\program files (x86)\windows kits\10\include\10.0.10150.0\ucrt\stdio.h(1769): note: see declaration of 'sprintf'
     1>c:\openhaptics\developer\3.4.0\examples\hl\graphics\hellosphere\hellosphere.cpp(2115): warning C4996: 'sprintf': This function or variable may be unsafe. Consider using sprintf_s instead. To disable deprecation, use _CRT_SECURE_NO_WARNINGS. See online help for details.
         c:\program files (x86)\windows kits\10\include\10.0.10150.0\ucrt\stdio.h(1769): note: see declaration of 'sprintf'
     1>c:\openhaptics\developer\3.4.0\examples\hl\graphics\hellosphere\hellosphere.cpp(2116): warning C4996: 'sprintf': This function or variable may be unsafe. Consider using sprintf_s instead. To disable deprecation, use _CRT_SECURE_NO_WARNINGS. See online help for details.
         c:\program files (x86)\windows kits\10\include\10.0.10150.0\ucrt\stdio.h(1769): note: see declaration of 'sprintf'
     1>c:\openhaptics\developer\3.4.0\examples\hl\graphics\hellosphere\hellosphere.cpp(2118): warning C4996: 'sprintf': This function or variable may be unsafe. Consider using sprintf_s instead. To disable deprecation, use _CRT_SECURE_NO_WARNINGS. See online help for details.
         c:\program files (x86)\windows kits\10\include\10.0.10150.0\ucrt\stdio.h(1769): note: see declaration of 'sprintf'
     1>c:\openhaptics\developer\3.4.0\examples\hl\graphics\hellosphere\hellosphere.cpp(2221): warning C4996: 'sprintf': This function or variable may be unsafe. Consider using sprintf_s instead. To disable deprecation, use _CRT_SECURE_NO_WARNINGS. See online help for details.
         c:\program files (x86)\windows kits\10\include\10.0.10150.0\ucrt\stdio.h(1769): note: see declaration of 'sprintf'
     1>c:\openhaptics\developer\3.4.0\examples\hl\graphics\hellosphere\hellosphere.cpp(2222): warning C4996: 'sprintf': This function or variable may be unsafe. Consider using sprintf_s instead. To disable deprecation, use _CRT_SECURE_NO_WARNINGS. See online help for details.
         c:\program files (x86)\windows kits\10\include\10.0.10150.0\ucrt\stdio.h(1769): note: see declaration of 'sprintf'
     1>c:\openhaptics\developer\3.4.0\examples\hl\graphics\hellosphere\hellosphere.cpp(2223): warning C4996: 'sprintf': This function or variable may be unsafe. Consider using sprintf_s instead. To disable deprecation, use _CRT_SECURE_NO_WARNINGS. See online help for details.
         c:\program files (x86)\windows kits\10\include\10.0.10150.0\ucrt\stdio.h(1769): note: see declaration of 'sprintf'
     1>c:\openhaptics\developer\3.4.0\examples\hl\graphics\hellosphere\hellosphere.cpp(2224): warning C4996: 'sprintf': This function or variable may be unsafe. Consider using sprintf_s instead. To disable deprecation, use _CRT_SECURE_NO_WARNINGS. See online help for details.
         c:\program files (x86)\windows kits\10\include\10.0.10150.0\ucrt\stdio.h(1769): note: see declaration of 'sprintf'
     1>c:\openhaptics\developer\3.4.0\examples\hl\graphics\hellosphere\hellosphere.cpp(2231): warning C4996: 'sprintf': This function or variable may be unsafe. Consider using sprintf_s instead. To disable deprecation, use _CRT_SECURE_NO_WARNINGS. See online help for details.
         c:\program files (x86)\windows kits\10\include\10.0.10150.0\ucrt\stdio.h(1769): note: see declaration of 'sprintf'
     1>c:\openhaptics\developer\3.4.0\examples\hl\graphics\hellosphere\hellosphere.cpp(2232): warning C4996: 'sprintf': This function or variable may be unsafe. Consider using sprintf_s instead. To disable deprecation, use _CRT_SECURE_NO_WARNINGS. See online help for details.
         c:\program files (x86)\windows kits\10\include\10.0.10150.0\ucrt\stdio.h(1769): note: see declaration of 'sprintf'
     1>c:\openhaptics\developer\3.4.0\examples\hl\graphics\hellosphere\hellosphere.cpp(2233): warning C4996: 'sprintf': This function or variable may be unsafe. Consider using sprintf_s instead. To disable deprecation, use _CRT_SECURE_NO_WARNINGS. See online help for details.
         c:\program files (x86)\windows kits\10\include\10.0.10150.0\ucrt\stdio.h(1769): note: see declaration of 'sprintf'
     1>c:\openhaptics\developer\3.4.0\examples\hl\graphics\hellosphere\hellosphere.cpp(2234): warning C4996: 'sprintf': This function or variable may be unsafe. Consider using sprintf_s instead. To disable deprecation, use _CRT_SECURE_NO_WARNINGS. See online help for details.
         c:\program files (x86)\windows kits\10\include\10.0.10150.0\ucrt\stdio.h(1769): note: see declaration of 'sprintf'
     1>c:\openhaptics\developer\3.4.0\examples\hl\graphics\hellosphere\hellosphere.cpp(2241): warning C4996: 'sprintf': This function or variable may be unsafe. Consider using sprintf_s instead. To disable deprecation, use _CRT_SECURE_NO_WARNINGS. See online help for details.
         c:\program files (x86)\windows kits\10\include\10.0.10150.0\ucrt\stdio.h(1769): note: see declaration of 'sprintf'
     1>c:\openhaptics\developer\3.4.0\examples\hl\graphics\hellosphere\hellosphere.cpp(2242): warning C4996: 'sprintf': This function or variable may be unsafe. Consider using sprintf_s instead. To disable deprecation, use _CRT_SECURE_NO_WARNINGS. See online help for details.
         c:\program files (x86)\windows kits\10\include\10.0.10150.0\ucrt\stdio.h(1769): note: see declaration of 'sprintf'
     1>c:\openhaptics\developer\3.4.0\examples\hl\graphics\hellosphere\hellosphere.cpp(2243): warning C4996: 'sprintf': This function or variable may be unsafe. Consider using sprintf_s instead. To disable deprecation, use _CRT_SECURE_NO_WARNINGS. See online help for details.
         c:\program files (x86)\windows kits\10\include\10.0.10150.0\ucrt\stdio.h(1769): note: see declaration of 'sprintf'
     1>c:\openhaptics\developer\3.4.0\examples\hl\graphics\hellosphere\hellosphere.cpp(2244): warning C4996: 'sprintf': This function or variable may be unsafe. Consider using sprintf_s instead. To disable deprecation, use _CRT_SECURE_NO_WARNINGS. See online help for details.
         c:\program files (x86)\windows kits\10\include\10.0.10150.0\ucrt\stdio.h(1769): note: see declaration of 'sprintf'
       Link:
         C:\Program Files (x86)\Microsoft Visual Studio 14.0\VC\bin\link.exe /ERRORREPORT:PROMPT /OUT:".\Debug/HelloSphere.exe" /INCREMENTAL:NO /NOLOGO /LIBPATH:C:\OpenHaptics\Developer\3.4.0\lib\Win32\Debug /LIBPATH:C:\OpenHaptics\Developer\3.4.0\utilities\lib\Win32\Debug /LIBPATH:C:\OpenHaptics\Developer\3.4.0\lib\Win32\ hl.lib hlu.lib hd.lib hdu.lib glut32.lib kernel32.lib user32.lib gdi32.lib winspool.lib comdlg32.lib advapi32.lib shell32.lib ole32.lib oleaut32.lib uuid.lib odbc32.lib odbccp32.lib /MANIFEST /MANIFESTUAC:"level='asInvoker' uiAccess='false'" /manifest:embed /Debug /PDB:".\Debug/HelloSphere.pdb" /SUBSYSTEM:CONSOLE /TLBID:1 /DYNAMICBASE /NXCOMPAT /IMPLIB:".\Debug\HelloSphere.lib" /MACHINE:X86 /SAFESEH .\Debug/HelloSphere.obj
         .\Debug/AnalogIOManager.obj
         .\Debug/helper.obj
         .\Debug/Phantom.obj
     1>HelloSphere.obj : warning LNK4075: ignoring '/EDITANDCONTINUE' due to '/OPT:LBR' specification
         HelloSphere_VS2010.vcxproj -> C:\OpenHaptics\Developer\3.4.0\examples\HL\graphics\HelloSphere\.\Debug\HelloSphere.exe
     1>Done Building Project "C:\OpenHaptics\Developer\3.4.0\examples\HL\graphics\HelloSphere\HelloSphere_VS2010.vcxproj" (Build target(s)).

Build succeeded.

Time Elapsed 00:00:00.80
